epoch,acc,loss,lr,val_acc,val_loss
0,0.7084111,0.9385926137697911,0.0005,0.68108976,1.063992424398406
1,0.82649153,0.5393488099846815,0.0005,0.66212606,1.2029822738761575
2,0.85893214,0.43399597979180515,0.0005,0.74198717,0.8765723165283855
3,0.8773621,0.3747245563544431,0.0005,0.6497062,1.5204179011858427
4,0.8895344,0.3356448996111555,0.0005,0.76282054,0.8197484207458985
5,0.89823985,0.304950012764401,0.0005,0.7533387,0.8531154083390521
6,0.9068739,0.28107397216271424,0.0005,0.75614315,0.9474256135459639
7,0.91356486,0.25827272438450727,0.0005,0.7604167,0.886350062667814
8,0.9183652,0.24222231483957238,0.0005,0.78392094,0.8112618383179363
9,0.9230703,0.2262176612028168,0.0005,0.7844551,0.8486995297109979
10,0.92910415,0.21083429020212685,0.0005,0.78552353,0.846248828447782
11,0.9320234,0.19965359409041963,0.0005,0.7930021,0.8072953547677423
12,0.9356332,0.1880133482543834,0.0005,0.72636217,1.1106542150179546
13,0.9394192,0.17699272168703156,0.0005,0.7776442,0.9032287903321095
14,0.9419337,0.16818062591240723,0.0005,0.79073185,0.8684665127697154
15,0.9455578,0.15711711219312377,0.0005,0.7861912,0.9349325487756321
16,0.94811034,0.15013722656933373,0.0005,0.68856835,1.8380061596886725
17,0.95063436,0.14193049275805378,0.0005,0.79594016,0.8711681969654865
18,0.9529202,0.13556295142136343,0.0005,0.7934028,0.9395529416381804
19,0.954787,0.12981576998869945,0.0005,0.7875267,1.0043590203819113
20,0.9573872,0.12204928586559802,0.0005,0.78125,1.040243211719725
21,0.9592207,0.11719875130887548,0.0005,0.78846157,1.0209361895536766
22,0.96115893,0.11193131215283372,0.0005,0.7815171,1.058449876614106
23,0.9615828,0.10865643386908173,0.0005,0.80288464,0.9320583705209259
24,0.9642116,0.10258932359413298,0.0005,0.76989853,1.2570887717426333
25,0.9663927,0.09624321570296916,0.0005,0.7895299,1.1205257006690033
26,0.9665641,0.0939354357060984,0.0005,0.79407054,0.9837409856482449
27,0.96789753,0.09068133359590727,0.0005,0.78725964,1.1686812478762407
28,0.96960247,0.08651959180692254,0.0005,0.7986111,1.09599294519832
29,0.97026914,0.08417297533318158,0.0005,0.78338677,1.2463098316111116
30,0.9712454,0.0812526427620113,0.0005,0.7963408,1.1502433154318068
31,0.97241217,0.07731109168704092,0.0005,0.7849893,1.2798774833353157
32,0.97421235,0.07292925454667636,0.0005,0.7807158,1.3285198759319437
33,0.974098,0.0723881398419759,0.0005,0.7974092,1.1906866543313377
34,0.9760458,0.06789398486792692,0.0005,0.78018165,1.364013499683804
35,0.97627914,0.06607100034564908,0.0005,0.7845887,1.4045130202912877
36,0.9767173,0.06578256929644118,0.0005,0.7813836,1.3419660525953667
37,0.9885515,0.03623943834713751,0.00025,0.782719,1.4350987469029224
38,0.99058974,0.030858818316769454,0.00025,0.79794335,1.2879982414918068
39,0.99079454,0.029094311303992183,0.00025,0.79620725,1.3370068144594502
40,0.99130887,0.02784153296620293,0.00025,0.7988782,1.3156884409423568
41,0.99172795,0.026377537893656502,0.00025,0.79647434,1.4054925869672725
42,0.9917899,0.02640100883503627,0.00025,0.788328,1.4827477931976318
43,0.9923518,0.024848317524455987,0.00025,0.79821044,1.3838681252593668
44,0.99186605,0.025664357227370222,0.00025,0.7895299,1.5395755181964645
45,0.9922899,0.024400142418428278,0.00025,0.76989853,1.6880572020498097
46,0.99285185,0.023061105575035625,0.00025,0.7932692,1.5392938944009633
47,0.99273753,0.02329785756964287,0.00025,0.7970086,1.4659110381562486
48,0.9928185,0.022321692517512506,0.00025,0.7900641,1.5785749417084913
49,0.99301374,0.021958369954353064,0.00025,0.7986111,1.4921408313461857
50,0.99327093,0.02123645826341716,0.00025,0.79821044,1.4939323408990843
51,0.99323756,0.02142931400433403,0.00025,0.79754275,1.526630128041292
52,0.9936376,0.02021942708497732,0.00025,0.7913996,1.5017871016111128
53,0.99385667,0.019663496657550853,0.00025,0.788328,1.5801949546887324
54,0.99390906,0.019483060567865324,0.00025,0.7935363,1.5834354748073807
55,0.99372333,0.01954935673600043,0.00025,0.7860577,1.6822445165907216
56,0.9942281,0.018823785178398413,0.00025,0.78552353,1.803906777475634
57,0.99406624,0.018472135099354227,0.00025,0.7915331,1.6500441508415418
58,0.99450433,0.017538060347259164,0.00025,0.79727566,1.5945301387045119
59,0.9939043,0.018689235480239257,0.00025,0.78846157,1.774590228867327
60,0.9944853,0.017724331754937962,0.00025,0.7877938,1.7903598893401969
61,0.9943519,0.017210268452810748,0.00025,0.78018165,1.8412441211378472
62,0.9971617,0.010838232970151752,0.000125,0.7948718,1.6902920456014128
63,0.9974903,0.009796794831748928,0.000125,0.79073185,1.7289504342608981
64,0.9976427,0.009360466726782276,0.000125,0.7952724,1.669913700503162
65,0.99784744,0.008968711054106281,0.000125,0.795406,1.7367328476702046
66,0.9979808,0.008681487086302047,0.000125,0.79594016,1.7289263259651315
67,0.99815226,0.008290752400465297,0.000125,0.7948718,1.727111377267756
68,0.99813795,0.008202611317136971,0.000125,0.79046476,1.7892933757896097
69,0.9982808,0.007826872346723348,0.000125,0.7928686,1.7785388445242858
70,0.9982141,0.007861037843287693,0.000125,0.79099894,1.7890539118367383
71,0.99822843,0.007878628306679153,0.000125,0.79273504,1.8027703777337685
72,0.9980951,0.007910588291531415,0.000125,0.79099894,1.8247755852519956
73,0.9982999,0.007536664517048599,0.000125,0.79981303,1.7422176777807057
74,0.9981618,0.007647974571703908,0.000125,0.786859,1.9059349751880026
75,0.9983904,0.0072867981037244385,0.000125,0.79767627,1.75883819302942
76,0.99831414,0.007355959345827341,0.000125,0.79607373,1.7803381166906438
77,0.99834275,0.007345044771574465,0.000125,0.7903312,1.8039555452827714
78,0.9983761,0.007246829820753914,0.000125,0.79113245,1.8148653441005282
79,0.9984427,0.006986398013170869,0.000125,0.789797,1.8187330013666398
80,0.99838084,0.006957379309263819,0.000125,0.7923344,1.8847548941261747
81,0.9985142,0.00693770204101291,0.000125,0.78018165,2.063009253424457
82,0.9985618,0.0066721934537833745,0.000125,0.7905983,1.8901863928534026
83,0.99846655,0.006669319204970519,0.000125,0.79046476,1.94631463340205
84,0.9986856,0.006307785593023475,0.000125,0.78966343,1.9161033803581173
85,0.9986666,0.006433746422567372,0.000125,0.79113245,1.885373695793315
86,0.9986094,0.006332627381527422,0.000125,0.7923344,1.90840486328826
87,0.9991285,0.005169855427681902,6.25e-05,0.7915331,1.9336919040761442
88,0.99901897,0.0051819986079007715,6.25e-05,0.7903312,1.9176078341964982
89,0.9991333,0.004870026238931021,6.25e-05,0.7919338,1.9170564387598608
90,0.99917614,0.004776292510002525,6.25e-05,0.79046476,1.9146721836848137
91,0.9991047,0.004852581477767223,6.25e-05,0.7932692,1.8956030199670384
92,0.9991523,0.004839103470082279,6.25e-05,0.79099894,1.9269119959611158
93,0.999238,0.004712358342483072,6.25e-05,0.79099894,1.9374564794393687
94,0.9991285,0.004784896094357374,6.25e-05,0.78926283,1.9606639737756844
95,0.9992523,0.00460772629286627,6.25e-05,0.7920673,1.9647356297215846
96,0.9991999,0.004733201096928309,6.25e-05,0.78939635,1.949154432512756
97,0.9992428,0.004512684456362695,6.25e-05,0.7916667,1.971020130520193
98,0.9992904,0.004479632809807701,6.25e-05,0.7915331,1.9367563561496572
99,0.999219,0.004560805872797914,6.25e-05,0.79113245,1.9636813427647974
100,0.999238,0.004470128676104098,6.25e-05,0.7903312,1.9570300263217373
101,0.99921423,0.004515829443508479,6.25e-05,0.79273504,1.9119833901397183
102,0.9992714,0.00434813096310252,6.25e-05,0.78886217,1.9884265493123958
103,0.9993047,0.004359098105215547,6.25e-05,0.79220086,1.9493207809252617
104,0.9991714,0.00448463096282946,6.25e-05,0.7899306,1.936398696186196
105,0.9991666,0.004564825258181312,6.25e-05,0.7901977,1.967983422625778
106,0.9992952,0.004324243525761988,6.25e-05,0.78939635,1.9832796724433572
107,0.99926186,0.004370115663549902,6.25e-05,0.79113245,1.9565870532622704
108,0.99928087,0.0044068744979078546,6.25e-05,0.7879273,1.9899612741592603
109,0.9992571,0.0042764911366506625,6.25e-05,0.79046476,1.9641511521787725
110,0.99928564,0.004166824796980668,6.25e-05,0.78966343,1.9844176534913545
111,0.999319,0.0041600537285202245,6.25e-05,0.7915331,1.946998636946719
112,0.99941427,0.003937261548928179,3.125e-05,0.7916667,1.9592965632422357
113,0.9994476,0.0037705101422322493,3.125e-05,0.7901977,1.97696730418083
114,0.9995285,0.0036265663425985944,3.125e-05,0.7916667,1.9677087414977896
115,0.9995,0.003653735088590732,3.125e-05,0.7901977,1.9829718857748895
116,0.9994952,0.0036784153211097768,3.125e-05,0.7919338,1.9634944368631413
117,0.9994476,0.0038211034923964307,3.125e-05,0.79273504,1.9688270489374797
118,0.9995333,0.0036427950227220876,3.125e-05,0.7931357,1.9773274002931056
119,0.9993761,0.003779227693905113,3.125e-05,0.79099894,1.991915058885884
120,0.99949044,0.0035865254596026907,3.125e-05,0.78886217,2.0143373547456203
121,0.99949044,0.003610121951351397,3.125e-05,0.79420406,1.9586246711576087
122,0.99950475,0.0036971976004230374,3.125e-05,0.79393697,1.9577005322162921
123,0.99954283,0.0036036158426593426,3.125e-05,0.78912926,2.029383896253048
124,0.99949044,0.0035980126505514025,3.125e-05,0.7900641,2.013383122590872
125,0.99952376,0.0035157242309906364,3.125e-05,0.79046476,2.0135271187521453
126,0.99947137,0.0035791693685755465,3.125e-05,0.78966343,2.0040465170501642
127,0.9995285,0.0035384591868610395,3.125e-05,0.7916667,2.0127875061116667
128,0.99939996,0.0036829931702525597,3.125e-05,0.78886217,1.9953135017655854
129,0.9995095,0.0035850502505768668,3.125e-05,0.79099894,1.9871289994981554
130,0.99952376,0.0034086913405610227,3.125e-05,0.79113245,2.0042961382458353
131,0.99949044,0.0034886269898079187,3.125e-05,0.79113245,1.9971036992521367
132,0.99949044,0.0034849332525584177,3.125e-05,0.7901977,2.0109095700785646
133,0.9995095,0.003507778070877635,3.125e-05,0.7913996,2.011962744924757
134,0.9994476,0.003551902272714788,3.125e-05,0.79073185,2.0389810423565726
135,0.9995142,0.003448172484696226,3.125e-05,0.7901977,2.006057768295973
136,0.99954283,0.0034774478021003937,3.125e-05,0.79046476,2.01575570126884
137,0.9995666,0.003330114228676168,1.5625e-05,0.7905983,2.0231517278231106
138,0.99953806,0.003335247943926194,1.5625e-05,0.791266,2.0288222442325363
139,0.9995333,0.003329618937282801,1.5625e-05,0.7885951,2.045747234271123
140,0.99947613,0.003512180426772385,1.5625e-05,0.79113245,2.0333005082912936
141,0.9995666,0.003362552478047785,1.5625e-05,0.7903312,2.0322642418054433
142,0.9995857,0.003387533656804114,1.5625e-05,0.7901977,2.010829193979247
143,0.99949044,0.00345474538177772,1.5625e-05,0.7915331,2.0115641411553082
144,0.99957615,0.0032008707716823,1.5625e-05,0.79046476,2.01560338643881
145,0.9995857,0.0032770566755040667,1.5625e-05,0.7903312,2.0363614875027256
146,0.9995142,0.0033557020126247575,1.5625e-05,0.788328,2.0453590801638417
147,0.99955237,0.003240537408389027,1.5625e-05,0.7903312,2.042385313245985
148,0.9995666,0.0033172196894898304,1.5625e-05,0.79046476,2.0384636011898007
149,0.99955237,0.0032843285546978536,1.5625e-05,0.7916667,2.0157965212805657
150,0.9995952,0.0032721030678008523,1.5625e-05,0.791266,2.030112747453217
151,0.9995476,0.0033221317714925446,1.5625e-05,0.79046476,2.021589922089862
152,0.99953806,0.0032806457440938603,1.5625e-05,0.7915331,2.0171490780308714
153,0.9995857,0.0032249720204563168,1.5625e-05,0.79099894,2.023540012856834
154,0.9995714,0.003261640962130366,1.5625e-05,0.7900641,2.0515462552380357
155,0.9996571,0.0031054647040104156,1.5625e-05,0.79086536,2.0221814416412616
156,0.9996523,0.0031242494956230256,1.5625e-05,0.7895299,2.033962100998968
157,0.9995952,0.0032457143229625415,1.5625e-05,0.7903312,2.023513117407122
158,0.9996381,0.0031504456844008055,1.5625e-05,0.79086536,2.036686721520546
159,0.9996095,0.0031965557191591643,1.5625e-05,0.7913996,2.030266626777812
160,0.9995476,0.0032271977563495527,1.5625e-05,0.7905983,2.0308381446406374
161,0.99966663,0.003091122253289904,1.5625e-05,0.789797,2.0243236855563955
162,0.9996047,0.003138760918084898,7.8125e-06,0.79073185,2.0333118769857617
163,0.9995952,0.0031338693611397636,7.8125e-06,0.79086536,2.0299093865940714
164,0.99964285,0.0031496381504168515,7.8125e-06,0.79113245,2.0338802490478907
165,0.99959046,0.00316101706722908,7.8125e-06,0.7905983,2.0297729052030125
166,0.99961424,0.003098059158126118,7.8125e-06,0.791266,2.0237519685019794
167,0.99954283,0.0030879141021157384,7.8125e-06,0.79086536,2.0284194436847653
168,0.99961424,0.0032479368956043757,7.8125e-06,0.79086536,2.015011782829578
169,0.99955714,0.0031894303289112243,7.8125e-06,0.7901977,2.03239304642392
170,0.9996333,0.0031381994779349403,7.8125e-06,0.79113245,2.0294216280309563
171,0.999619,0.0031206379805823014,7.8125e-06,0.7899306,2.055253269835415
172,0.9995714,0.0031093516109280545,7.8125e-06,0.7899306,2.039369412467011
173,0.9995952,0.003116636992285589,7.8125e-06,0.7901977,2.050167569747338
174,0.9995952,0.003140043111231458,7.8125e-06,0.791266,2.038019362168434
175,0.9995952,0.0030376771770407704,7.8125e-06,0.791266,2.034096270544916
176,0.99962854,0.0031195577771747653,7.8125e-06,0.789797,2.0364341302814646
177,0.99966186,0.003078427772497465,7.8125e-06,0.79046476,2.0212147225681534
178,0.9996523,0.003092603941550717,7.8125e-06,0.7900641,2.046038087616619
179,0.9995952,0.0031286264670072734,7.8125e-06,0.7901977,2.0442357796889086
180,0.9996,0.0030741872873642617,7.8125e-06,0.79113245,2.045456710534218
181,0.9997047,0.002991526259137839,7.8125e-06,0.7915331,2.029893819083515
182,0.99961424,0.0031577233650026664,7.8125e-06,0.7916667,2.02715741059719
183,0.9996047,0.0029779471719852675,7.8125e-06,0.7901977,2.0421524949562855
184,0.9996714,0.0029680945154052204,7.8125e-06,0.79113245,2.044796831587441
185,0.99961424,0.003055701876396787,7.8125e-06,0.7901977,2.0497780218083634
186,0.9996333,0.0030706852155435267,7.8125e-06,0.79073185,2.044314930581639
187,0.99964285,0.0030141978400940674,3.90625e-06,0.79073185,2.0407360343851595
188,0.9996047,0.003167987012784246,3.90625e-06,0.7915331,2.045748169096107
189,0.9996571,0.003076291575603079,3.90625e-06,0.7900641,2.036842780235486
190,0.99968094,0.0030219649700109243,3.90625e-06,0.79086536,2.0487706798773546
191,0.9995952,0.003072261028679495,3.90625e-06,0.7905983,2.040509138351832
192,0.99959046,0.00307545137214643,3.90625e-06,0.7918002,2.0478952577990346
193,0.99966186,0.0028740974672061465,3.90625e-06,0.79073185,2.0274399890858903
194,0.99961424,0.003064285169214097,3.90625e-06,0.7918002,2.0499878958759146
195,0.99966663,0.002970737619376213,3.90625e-06,0.79086536,2.0501402718389135
196,0.999619,0.0031635429700404504,3.90625e-06,0.79086536,2.0552775875116005
197,0.99966663,0.003004407796221184,3.90625e-06,0.7900641,2.0507764872322736
198,0.99967617,0.0029881733733424613,3.90625e-06,0.79113245,2.040802081425985
199,0.9995857,0.0030667550938983696,3.90625e-06,0.79086536,2.0570894133331428
